This file contains any messages produced by compilers while
running configure, to aid debugging if configure makes a mistake.

It was created by texlive-data-ja configure 0.0.1, which was
generated by GNU Autoconf 2.66.  Invocation command line was

  $ ./configure --quiet --enable-silent-rules

## --------- ##
## Platform. ##
## --------- ##

hostname = localhost.localdomain
uname -m = i686
uname -r = 2.6.35.14-95.fc14.i686
uname -s = Linux
uname -v = #1 SMP Tue Aug 16 21:30:14 UTC 2011

/usr/bin/uname -p = unknown
/bin/uname -X     = unknown

/bin/arch              = i686
/usr/bin/arch -k       = unknown
/usr/convex/getsysinfo = unknown
/usr/bin/hostinfo      = unknown
/bin/machine           = unknown
/usr/bin/oslevel       = unknown
/bin/universe          = unknown

PATH: /usr/local/bin
PATH: /usr/bin
PATH: /bin


## ----------- ##
## Core tests. ##
## ----------- ##

configure:1723: checking for a BSD-compatible install
configure:1791: result: /usr/bin/install -c
configure:1802: checking whether build environment is sane
configure:1852: result: yes
configure:1993: checking for a thread-safe mkdir -p
configure:2032: result: /bin/mkdir -p
configure:2045: checking for gawk
configure:2061: found /usr/bin/gawk
configure:2072: result: gawk
configure:2083: checking whether make sets $(MAKE)
configure:2105: result: yes
configure:2180: checking how to create a pax tar archive
configure:2193: tar --version
tar (GNU tar) 1.23
Copyright (C) 2010 Free Software Foundation, Inc.
License GPLv3+: GNU GPL version 3 or later <http://gnu.org/licenses/gpl.html>.
This is free software: you are free to change and redistribute it.
There is NO WARRANTY, to the extent permitted by law.

Written by John Gilmore and Jay Fenlason.
configure:2196: $? = 0
configure:2236: tardir=conftest.dir && eval tar --format=posix -chf - "$tardir" >conftest.tar
configure:2239: $? = 0
configure:2243: tar -xf - <conftest.tar
configure:2246: $? = 0
configure:2259: result: gnutar
configure:2280: checking whether ln -s works
configure:2284: result: yes
configure:2292: checking for a sed that does not truncate output
configure:2356: result: /bin/sed
configure:2505: creating ./config.status

## ---------------------- ##
## Running config.status. ##
## ---------------------- ##

This file was extended by texlive-data-ja config.status 0.0.1, which was
generated by GNU Autoconf 2.66.  Invocation command line was

  CONFIG_FILES    = 
  CONFIG_HEADERS  = 
  CONFIG_LINKS    = 
  CONFIG_COMMANDS = 
  $ ./config.status --quiet

on localhost.localdomain

config.status:745: creating Makefile

## ---------------- ##
## Cache variables. ##
## ---------------- ##

ac_cv_env_build_alias_set=
ac_cv_env_build_alias_value=
ac_cv_env_host_alias_set=
ac_cv_env_host_alias_value=
ac_cv_env_target_alias_set=
ac_cv_env_target_alias_value=
ac_cv_path_SED=/bin/sed
ac_cv_path_install='/usr/bin/install -c'
ac_cv_path_mkdir=/bin/mkdir
ac_cv_prog_AWK=gawk
ac_cv_prog_make_make_set=yes
am_cv_prog_tar_pax=gnutar

## ----------------- ##
## Output variables. ##
## ----------------- ##

ACLOCAL='${SHELL} /var/lib/repos/ssato/github.com/ssato/misc.git/texlive-data-ja/texlive-data-ja-build/texlive-data-ja-0.0.1/missing --run aclocal-1.11'
AMTAR='${SHELL} /var/lib/repos/ssato/github.com/ssato/misc.git/texlive-data-ja/texlive-data-ja-build/texlive-data-ja-0.0.1/missing --run tar'
AM_BACKSLASH='\'
AM_DEFAULT_VERBOSITY='0'
AUTOCONF='${SHELL} /var/lib/repos/ssato/github.com/ssato/misc.git/texlive-data-ja/texlive-data-ja-build/texlive-data-ja-0.0.1/missing --run autoconf'
AUTOHEADER='${SHELL} /var/lib/repos/ssato/github.com/ssato/misc.git/texlive-data-ja/texlive-data-ja-build/texlive-data-ja-0.0.1/missing --run autoheader'
AUTOMAKE='${SHELL} /var/lib/repos/ssato/github.com/ssato/misc.git/texlive-data-ja/texlive-data-ja-build/texlive-data-ja-0.0.1/missing --run automake-1.11'
AWK='gawk'
CYGPATH_W='echo'
DEFS='-DPACKAGE_NAME=\"texlive-data-ja\" -DPACKAGE_TARNAME=\"texlive-data-ja\" -DPACKAGE_VERSION=\"0.0.1\" -DPACKAGE_STRING=\"texlive-data-ja\ 0.0.1\" -DPACKAGE_BUGREPORT=\"\" -DPACKAGE_URL=\"\" -DPACKAGE=\"texlive-data-ja\" -DVERSION=\"0.0.1\"'
ECHO_C=''
ECHO_N='-n'
ECHO_T=''
INSTALL_DATA='${INSTALL} -m 644'
INSTALL_PROGRAM='${INSTALL}'
INSTALL_SCRIPT='${INSTALL}'
INSTALL_STRIP_PROGRAM='$(install_sh) -c -s'
LIBOBJS=''
LIBS=''
LN_S='ln -s'
LTLIBOBJS=''
MAKEINFO='${SHELL} /var/lib/repos/ssato/github.com/ssato/misc.git/texlive-data-ja/texlive-data-ja-build/texlive-data-ja-0.0.1/missing --run makeinfo'
MKDIR_P='/bin/mkdir -p'
PACKAGE='texlive-data-ja'
PACKAGE_BUGREPORT=''
PACKAGE_NAME='texlive-data-ja'
PACKAGE_STRING='texlive-data-ja 0.0.1'
PACKAGE_TARNAME='texlive-data-ja'
PACKAGE_URL=''
PACKAGE_VERSION='0.0.1'
PATH_SEPARATOR=':'
SED='/bin/sed'
SET_MAKE=''
SHELL='/bin/sh'
STRIP=''
VERSION='0.0.1'
am__isrc=''
am__leading_dot='.'
am__tar='tar --format=posix -chf - "$$tardir"'
am__untar='tar -xf -'
bindir='${exec_prefix}/bin'
build_alias=''
datadir='${datarootdir}'
datarootdir='${prefix}/share'
docdir='${datarootdir}/doc/${PACKAGE_TARNAME}'
dvidir='${docdir}'
exec_prefix='${prefix}'
host_alias=''
htmldir='${docdir}'
includedir='${prefix}/include'
infodir='${datarootdir}/info'
install_sh='${SHELL} /var/lib/repos/ssato/github.com/ssato/misc.git/texlive-data-ja/texlive-data-ja-build/texlive-data-ja-0.0.1/install-sh'
libdir='${exec_prefix}/lib'
libexecdir='${exec_prefix}/libexec'
localedir='${datarootdir}/locale'
localstatedir='${prefix}/var'
mandir='${datarootdir}/man'
mkdir_p='/bin/mkdir -p'
oldincludedir='/usr/include'
pdfdir='${docdir}'
prefix='/usr/local'
program_transform_name='s,x,x,'
psdir='${docdir}'
sbindir='${exec_prefix}/sbin'
sharedstatedir='${prefix}/com'
sysconfdir='${prefix}/etc'
target_alias=''

## ----------- ##
## confdefs.h. ##
## ----------- ##

/* confdefs.h */
#define PACKAGE_NAME "texlive-data-ja"
#define PACKAGE_TARNAME "texlive-data-ja"
#define PACKAGE_VERSION "0.0.1"
#define PACKAGE_STRING "texlive-data-ja 0.0.1"
#define PACKAGE_BUGREPORT ""
#define PACKAGE_URL ""
#define PACKAGE "texlive-data-ja"
#define VERSION "0.0.1"

configure: exit 0
